[test_runner_lib] Shared libraries missing, running scripts/build_shared_libs.sh...
Building shared libraries in /home/matrillo/apps/scopemux/build/tree-sitter-libs
Converting static libraries to shared libraries...
Created shared libraries:
-rwxrwxr-x 1 matrillo matrillo 3566904 Jul 14 20:28 libtree-sitter-cpp.so
-rwxrwxr-x 1 matrillo matrillo  627536 Jul 14 20:28 libtree-sitter-c.so
-rwxrwxr-x 1 matrillo matrillo  386944 Jul 14 20:28 libtree-sitter-javascript.so
-rwxrwxr-x 1 matrillo matrillo  484368 Jul 14 20:28 libtree-sitter-python.so
-rwxrwxr-x 1 matrillo matrillo  237264 Jul 14 20:28 libtree-sitter.so
-rwxrwxr-x 1 matrillo matrillo 1443832 Jul 14 20:28 libtree-sitter-typescript.so
Done building shared libraries.
[test_runner_lib] Setting LD_LIBRARY_PATH to include: /home/matrillo/apps/scopemux/build/tree-sitter-libs
DEBUG: prepare_clean_build_dir received build_dir='/home/matrillo/apps/scopemux/build-c'
[test_runner_lib] Creating build directory: '/home/matrillo/apps/scopemux/build-c'
DEBUG: setup_cmake_config received project_root_dir='/home/matrillo/apps/scopemux', build_dir='/home/matrillo/apps/scopemux/build-c'
[test_runner_lib] Running CMake configuration: cmake -S /home/matrillo/apps/scopemux -B /home/matrillo/apps/scopemux/build-c -G 'Unix Makefiles'
-- The C compiler identification is GNU 11.4.0
-- The CXX compiler identification is GNU 11.4.0
-- Detecting C compiler ABI info
-- Detecting C compiler ABI info - done
-- Check for working C compiler: /usr/bin/cc - skipped
-- Detecting C compile features
-- Detecting C compile features - done
-- Detecting CXX compiler ABI info
-- Detecting CXX compiler ABI info - done
-- Check for working CXX compiler: /usr/bin/c++ - skipped
-- Detecting CXX compile features
-- Detecting CXX compile features - done
-- Found Python: /home/matrillo/.pyenv/versions/scopemux/bin/python3.10 (found suitable version "3.10.12", required range is "3.10...3.11") found components: Interpreter Development Development.Module Development.Embed
-- pybind11 v3.0.0 
-- Performing Test HAS_FLTO
-- Performing Test HAS_FLTO - Success
-- Python include path from sysconfig: /usr/include/python3.10
-- Python include dirs: /usr/include/python3.10
-- Python libraries: /usr/lib/x86_64-linux-gnu/libpython3.10.so
-- Configuration summary:
--   C Compiler: GNU 11.4.0
--   Python: 3.10.12
--   Installation prefix: /usr/local
--   Memory debugging: OFF
--   Valgrind compatibility: OFF
-- Python include path from sysconfig: /usr/include/python3.10
-- Python include dirs: /usr/include/python3.10
-- Python libraries: /usr/lib/x86_64-linux-gnu/libpython3.10.so
-- Found PkgConfig: /usr/bin/pkg-config (found version "0.29.2")
-- Checking for module 'criterion'
--   Found criterion, version 2.4.0
-- Configured Scopemux Bindings C Tests with Criterion.
-- Copied example files and expected JSON to build directory for validation.
-- Configuration summary:
--   C Compiler: GNU 11.4.0
--   C++ Compiler: GNU 11.4.0
--   Tree-sitter core libraries built to: /home/matrillo/apps/scopemux/build-c/tree-sitter-libs
-- Configuring done (4.2s)
-- Generating done (0.2s)
-- Build files have been written to: /home/matrillo/apps/scopemux/build-c
[run_c_tests.sh] Building C Basic AST Tests (c_basic_ast_tests)...
[test_runner_lib] Building C Basic AST Tests in /home/matrillo/apps/scopemux/build-c...
 ERROR: Failed to build test target 'C Basic AST Tests'.
Build log output:
make: Entering directory '/home/matrillo/apps/scopemux/build-c'
make[1]: Entering directory '/home/matrillo/apps/scopemux/build-c'
make[2]: Entering directory '/home/matrillo/apps/scopemux/build-c'
make[3]: Entering directory '/home/matrillo/apps/scopemux/build-c'
make[3]: Leaving directory '/home/matrillo/apps/scopemux/build-c'
make[3]: Entering directory '/home/matrillo/apps/scopemux/build-c'
[  1%] Building C object core/CMakeFiles/parser_core_obj.dir/src/parser/parser.c.o
[  2%] Building C object core/CMakeFiles/parser_core_obj.dir/src/parser/ast_node.c.o
/home/matrillo/apps/scopemux/core/src/parser/ast_node.c:504:13: warning: ‘ast_node_init_additional_data’ defined but not used [-Wunused-function]
  504 | static bool ast_node_init_additional_data(ASTNode *node) {
      |             ^~~~~~~~~~~~~~~~~~~~~~~~~~~~~
/home/matrillo/apps/scopemux/core/src/parser/ast_node.c:460:13: warning: ‘ast_node_free_data’ defined but not used [-Wunused-function]
  460 | static void ast_node_free_data(ASTNode *node) {
      |             ^~~~~~~~~~~~~~~~~~
[  2%] Building C object core/CMakeFiles/parser_core_obj.dir/src/parser/cst_node.c.o
/home/matrillo/apps/scopemux/core/src/parser/cst_node.c: In function ‘cst_node_get_range’:
/home/matrillo/apps/scopemux/core/src/parser/cst_node.c:126:30: warning: missing braces around initializer [-Wmissing-braces]
  126 |   static SourceRange empty = {0, 0, 0, 0, 0, 0};
      |                              ^
      |                               {      } {      }
[  4%] Building C object core/CMakeFiles/parser_core_obj.dir/src/parser/memory_tracking.c.o
[  5%] Building C object core/CMakeFiles/parser_core_obj.dir/src/parser/parser_context.c.o
/home/matrillo/apps/scopemux/core/src/parser/parser_context.c: In function ‘parser_init’:
/home/matrillo/apps/scopemux/core/src/parser/parser_context.c:82:3: warning: implicit declaration of function ‘load_node_type_mapping’ [-Wimplicit-function-declaration]
   82 |   load_node_type_mapping();
      |   ^~~~~~~~~~~~~~~~~~~~~~
[  5%] Building C object core/CMakeFiles/parser_core_obj.dir/src/parser/query_processing.c.o
/home/matrillo/apps/scopemux/core/src/parser/query_processing.c: In function ‘parser_execute_query’:
/home/matrillo/apps/scopemux/core/src/parser/query_processing.c:131:10: warning: unused variable ‘root_node’ [-Wunused-variable]
  131 |   TSNode root_node;
      |          ^~~~~~~~~
/home/matrillo/apps/scopemux/core/src/parser/query_processing.c: In function ‘process_function_match’:
/home/matrillo/apps/scopemux/core/src/parser/query_processing.c:272:51: warning: unused parameter ‘ctx’ [-Wunused-parameter]
  272 | static bool process_function_match(ParserContext *ctx, TSQueryMatch *match) {
      |                                    ~~~~~~~~~~~~~~~^~~
/home/matrillo/apps/scopemux/core/src/parser/query_processing.c:272:70: warning: unused parameter ‘match’ [-Wunused-parameter]
  272 | static bool process_function_match(ParserContext *ctx, TSQueryMatch *match) {
      |                                                        ~~~~~~~~~~~~~~^~~~~
/home/matrillo/apps/scopemux/core/src/parser/query_processing.c: In function ‘process_class_match’:
/home/matrillo/apps/scopemux/core/src/parser/query_processing.c:288:48: warning: unused parameter ‘ctx’ [-Wunused-parameter]
  288 | static bool process_class_match(ParserContext *ctx, TSQueryMatch *match) {
      |                                 ~~~~~~~~~~~~~~~^~~
/home/matrillo/apps/scopemux/core/src/parser/query_processing.c:288:67: warning: unused parameter ‘match’ [-Wunused-parameter]
  288 | static bool process_class_match(ParserContext *ctx, TSQueryMatch *match) {
      |                                                     ~~~~~~~~~~~~~~^~~~~
/home/matrillo/apps/scopemux/core/src/parser/query_processing.c: In function ‘process_variable_match’:
/home/matrillo/apps/scopemux/core/src/parser/query_processing.c:304:51: warning: unused parameter ‘ctx’ [-Wunused-parameter]
  304 | static bool process_variable_match(ParserContext *ctx, TSQueryMatch *match) {
      |                                    ~~~~~~~~~~~~~~~^~~
/home/matrillo/apps/scopemux/core/src/parser/query_processing.c:304:70: warning: unused parameter ‘match’ [-Wunused-parameter]
  304 | static bool process_variable_match(ParserContext *ctx, TSQueryMatch *match) {
      |                                                        ~~~~~~~~~~~~~~^~~~~
[  6%] Building C object core/CMakeFiles/parser_core_obj.dir/src/parser/project_context/project_context_facade.c.o
[  6%] Building C object core/CMakeFiles/parser_core_obj.dir/src/parser/project_context/project_utils.c.o
/home/matrillo/apps/scopemux/core/src/parser/project_context/project_utils.c: In function ‘symbol_new’:
/home/matrillo/apps/scopemux/core/src/parser/project_context/project_utils.c:24:57: warning: unused parameter ‘type’ [-Wunused-parameter]
   24 | static Symbol *symbol_new(const char *name, ASTNodeType type) {
      |                                             ~~~~~~~~~~~~^~~~
/home/matrillo/apps/scopemux/core/src/parser/project_context/project_utils.c: At top level:
/home/matrillo/apps/scopemux/core/src/parser/project_context/project_utils.c:54:17: warning: no previous prototype for ‘project_context_create_impl’ [-Wmissing-prototypes]
   54 | ProjectContext *project_context_create_impl(const char *root_directory) {
      |                 ^~~~~~~~~~~~~~~~~~~~~~~~~~~
/home/matrillo/apps/scopemux/core/src/parser/project_context/project_utils.c:120:6: warning: no previous prototype for ‘project_context_free_impl’ [-Wmissing-prototypes]
  120 | void project_context_free_impl(ProjectContext *project) {
      |      ^~~~~~~~~~~~~~~~~~~~~~~~~
/home/matrillo/apps/scopemux/core/src/parser/project_context/project_utils.c:159:6: warning: no previous prototype for ‘project_context_set_config_impl’ [-Wmissing-prototypes]
  159 | void project_context_set_config_impl(ProjectContext *project, const ProjectConfig *config) {
      |      ^~~~~~~~~~~~~~~~~~~~~~~~~~~~~~~
/home/matrillo/apps/scopemux/core/src/parser/project_context/project_utils.c:174:6: warning: no previous prototype for ‘project_set_error_impl’ [-Wmissing-prototypes]
  174 | void project_set_error_impl(ProjectContext *project, int code, const char *message) {
      |      ^~~~~~~~~~~~~~~~~~~~~~
/home/matrillo/apps/scopemux/core/src/parser/project_context/project_utils.c:194:13: warning: no previous prototype for ‘project_get_error_impl’ [-Wmissing-prototypes]
  194 | const char *project_get_error_impl(const ProjectContext *project, int *out_code) {
      |             ^~~~~~~~~~~~~~~~~~~~~~
/home/matrillo/apps/scopemux/core/src/parser/project_context/project_utils.c:225:6: warning: no previous prototype for ‘project_set_error’ [-Wmissing-prototypes]
  225 | void project_set_error(const ProjectContext *project, int code, const char *message) {
      |      ^~~~~~~~~~~~~~~~~
/home/matrillo/apps/scopemux/core/src/parser/project_context/project_utils.c:293:6: warning: no previous prototype for ‘project_get_stats_impl’ [-Wmissing-prototypes]
  293 | void project_get_stats_impl(const ProjectContext *project, size_t *out_total_files,
      |      ^~~~~~~~~~~~~~~~~~~~~~
/home/matrillo/apps/scopemux/core/src/parser/project_context/project_utils.c:24:16: warning: ‘symbol_new’ defined but not used [-Wunused-function]
   24 | static Symbol *symbol_new(const char *name, ASTNodeType type) {
      |                ^~~~~~~~~~
[  8%] Building C object core/CMakeFiles/parser_core_obj.dir/src/parser/project_context/project_symbol_extraction.c.o
/home/matrillo/apps/scopemux/core/src/parser/project_context/project_symbol_extraction.c:38:6: warning: no previous prototype for ‘register_file_symbols’ [-Wmissing-prototypes]
   38 | void register_file_symbols(ProjectContext *project, ParserContext *ctx, const char *filepath) {
      |      ^~~~~~~~~~~~~~~~~~~~~
/home/matrillo/apps/scopemux/core/src/parser/project_context/project_symbol_extraction.c:70:6: warning: no previous prototype for ‘project_context_extract_symbols_impl’ [-Wmissing-prototypes]
   70 | bool project_context_extract_symbols_impl(ProjectContext *project, ParserContext *ctx,
      |      ^~~~~~~~~~~~~~~~~~~~~~~~~~~~~~~~~~~~
[  9%] Building C object core/CMakeFiles/parser_core_obj.dir/src/parser/project_context/symbol_management.c.o
/home/matrillo/apps/scopemux/core/src/parser/project_context/symbol_management.c: In function ‘register_node_symbols’:
/home/matrillo/apps/scopemux/core/src/parser/project_context/symbol_management.c:61:7: warning: a label can only be part of a statement and a declaration is not a statement [-Wpedantic]
   61 |       SymbolEntry *entry =
      |       ^~~~~~~~~~~
/home/matrillo/apps/scopemux/core/src/parser/project_context/symbol_management.c: In function ‘project_resolve_references_impl’:
/home/matrillo/apps/scopemux/core/src/parser/project_context/symbol_management.c:311:32: warning: passing argument 1 of ‘reference_resolver_get_stats’ from incompatible pointer type [-Wincompatible-pointer-types]
  311 |   reference_resolver_get_stats(&total_lookups, &resolved_count, &failed_count);
      |                                ^~~~~~~~~~~~~~
      |                                |
      |                                size_t * {aka long unsigned int *}
/home/matrillo/apps/scopemux/core/src/parser/project_context/symbol_management.c:28:40: note: expected ‘int *’ but argument is of type ‘size_t *’ {aka ‘long unsigned int *’}
   28 | void reference_resolver_get_stats(int *total_lookups, int *resolved_count, int *failed_count);
      |                                   ~~~~~^~~~~~~~~~~~~
/home/matrillo/apps/scopemux/core/src/parser/project_context/symbol_management.c:311:48: warning: passing argument 2 of ‘reference_resolver_get_stats’ from incompatible pointer type [-Wincompatible-pointer-types]
  311 |   reference_resolver_get_stats(&total_lookups, &resolved_count, &failed_count);
      |                                                ^~~~~~~~~~~~~~~
      |                                                |
      |                                                size_t * {aka long unsigned int *}
/home/matrillo/apps/scopemux/core/src/parser/project_context/symbol_management.c:28:60: note: expected ‘int *’ but argument is of type ‘size_t *’ {aka ‘long unsigned int *’}
   28 | void reference_resolver_get_stats(int *total_lookups, int *resolved_count, int *failed_count);
      |                                                       ~~~~~^~~~~~~~~~~~~~
/home/matrillo/apps/scopemux/core/src/parser/project_context/symbol_management.c:311:65: warning: passing argument 3 of ‘reference_resolver_get_stats’ from incompatible pointer type [-Wincompatible-pointer-types]
  311 |   reference_resolver_get_stats(&total_lookups, &resolved_count, &failed_count);
      |                                                                 ^~~~~~~~~~~~~
      |                                                                 |
      |                                                                 size_t * {aka long unsigned int *}
/home/matrillo/apps/scopemux/core/src/parser/project_context/symbol_management.c:28:81: note: expected ‘int *’ but argument is of type ‘size_t *’ {aka ‘long unsigned int *’}
   28 | void reference_resolver_get_stats(int *total_lookups, int *resolved_count, int *failed_count);
      |                                                                            ~~~~~^~~~~~~~~~~~
[  9%] Building C object core/CMakeFiles/parser_core_obj.dir/src/parser/project_context/symbol_collection.c.o
[ 10%] Building C object core/CMakeFiles/parser_core_obj.dir/src/parser/project_context/file_management.c.o
/home/matrillo/apps/scopemux/core/src/parser/project_context/file_management.c:30:6: warning: no previous prototype for ‘normalize_file_path’ [-Wmissing-prototypes]
   30 | bool normalize_file_path(const char *project_root, const char *filepath, char *out_path,
      |      ^~~~~~~~~~~~~~~~~~~
/home/matrillo/apps/scopemux/core/src/parser/project_context/file_management.c:60:6: warning: no previous prototype for ‘add_discovered_file’ [-Wmissing-prototypes]
   60 | bool add_discovered_file(ProjectContext *project, const char *filepath) {
      |      ^~~~~~~~~~~~~~~~~~~
/home/matrillo/apps/scopemux/core/src/parser/project_context/file_management.c: In function ‘project_add_file_impl’:
/home/matrillo/apps/scopemux/core/src/parser/project_context/file_management.c:125:84: warning: unused parameter ‘language’ [-Wunused-parameter]
  125 | bool project_add_file_impl(ProjectContext *project, const char *filepath, Language language) {
      |                                                                           ~~~~~~~~~^~~~~~~~
/home/matrillo/apps/scopemux/core/src/parser/project_context/file_management.c: In function ‘project_add_directory_impl’:
/home/matrillo/apps/scopemux/core/src/parser/project_context/file_management.c:214:26: warning: the address of ‘normalized_dir’ will always evaluate as ‘true’ [-Waddress]
  214 | #define SAFE_LEN(x) ((x) ? strlen(x) : 0)
      |                          ^
/home/matrillo/apps/scopemux/core/src/parser/project_context/file_management.c:216:22: note: in expansion of macro ‘SAFE_LEN’
  216 |     size_t dir_len = SAFE_LEN(normalized_dir);
      |                      ^~~~~~~~
In file included from /home/matrillo/apps/scopemux/core/include/scopemux/parser.h:25,
                 from /home/matrillo/apps/scopemux/core/src/parser/project_context/project_context_internal.h:14,
                 from /home/matrillo/apps/scopemux/core/src/parser/project_context/file_management.c:8:
/home/matrillo/apps/scopemux/core/include/scopemux/logging.h:8:26: warning: the address of ‘normalized_dir’ will always evaluate as ‘true’ [-Waddress]
    8 | #define SAFE_STR(x) ((x) ? (x) : "(null)")
      |                          ^
/home/matrillo/apps/scopemux/core/src/parser/project_context/file_management.c:219:53: note: in expansion of macro ‘SAFE_STR’
  219 |       log_warning("Path too long, skipping: %s/%s", SAFE_STR(normalized_dir),
      |                                                     ^~~~~~~~
/home/matrillo/apps/scopemux/core/include/scopemux/logging.h:8:26: warning: the address of ‘normalized_dir’ will always evaluate as ‘true’ [-Waddress]
    8 | #define SAFE_STR(x) ((x) ? (x) : "(null)")
      |                          ^
/home/matrillo/apps/scopemux/core/src/parser/project_context/file_management.c:227:54: note: in expansion of macro ‘SAFE_STR’
  227 |       log_warning("Path truncated, skipping: %s/%s", SAFE_STR(normalized_dir),
      |                                                      ^~~~~~~~
/home/matrillo/apps/scopemux/core/src/parser/project_context/file_management.c: In function ‘project_remove_file_impl’:
/home/matrillo/apps/scopemux/core/include/scopemux/logging.h:8:26: warning: the address of ‘normalized_path’ will always evaluate as ‘true’ [-Waddress]
    8 | #define SAFE_STR(x) ((x) ? (x) : "(null)")
      |                          ^
/home/matrillo/apps/scopemux/core/src/parser/project_context/file_management.c:395:46: note: in expansion of macro ‘SAFE_STR’
  395 |   log_debug("Removed file from project: %s", SAFE_STR(normalized_path));
      |                                              ^~~~~~~~
[ 12%] Building C object core/CMakeFiles/parser_core_obj.dir/src/parser/project_context/dependency_management.c.o
In file included from /home/matrillo/apps/scopemux/core/include/../src/parser/../../include/scopemux/parser.h:25,
                 from /home/matrillo/apps/scopemux/core/include/../src/parser/ast_node.h:12,
                 from /home/matrillo/apps/scopemux/core/include/../src/parser/parser_context.h:13,
                 from /home/matrillo/apps/scopemux/core/include/scopemux/project_context.h:22,
                 from /home/matrillo/apps/scopemux/core/include/../src/parser/project_context/file_management.h:12,
                 from /home/matrillo/apps/scopemux/core/src/parser/project_context/dependency_management.c:9:
/home/matrillo/apps/scopemux/core/src/parser/project_context/dependency_management.c: In function ‘project_add_dependency_impl’:
/home/matrillo/apps/scopemux/core/include/../src/parser/../../include/scopemux/logging.h:8:26: warning: the address of ‘normalized_source’ will always evaluate as ‘true’ [-Waddress]
    8 | #define SAFE_STR(x) ((x) ? (x) : "(null)")
      |                          ^
/home/matrillo/apps/scopemux/core/src/parser/project_context/dependency_management.c:361:68: note: in expansion of macro ‘SAFE_STR’
  361 |     log_debug("Source file not in project, attempting to add: %s", SAFE_STR(normalized_source));
      |                                                                    ^~~~~~~~
/home/matrillo/apps/scopemux/core/include/../src/parser/../../include/scopemux/logging.h:8:26: warning: the address of ‘normalized_source’ will always evaluate as ‘true’ [-Waddress]
    8 | #define SAFE_STR(x) ((x) ? (x) : "(null)")
      |                          ^
/home/matrillo/apps/scopemux/core/src/parser/project_context/dependency_management.c:385:66: note: in expansion of macro ‘SAFE_STR’
  385 |       log_error("Cannot determine language for source file: %s", SAFE_STR(normalized_source));
      |                                                                  ^~~~~~~~
/home/matrillo/apps/scopemux/core/include/../src/parser/../../include/scopemux/logging.h:8:26: warning: the address of ‘normalized_source’ will always evaluate as ‘true’ [-Waddress]
    8 | #define SAFE_STR(x) ((x) ? (x) : "(null)")
      |                          ^
/home/matrillo/apps/scopemux/core/src/parser/project_context/dependency_management.c:392:61: note: in expansion of macro ‘SAFE_STR’
  392 |       log_error("Failed to add source file to project: %s", SAFE_STR(normalized_source));
      |                                                             ^~~~~~~~
/home/matrillo/apps/scopemux/core/include/../src/parser/../../include/scopemux/logging.h:8:26: warning: the address of ‘normalized_source’ will always evaluate as ‘true’ [-Waddress]
    8 | #define SAFE_STR(x) ((x) ? (x) : "(null)")
      |                          ^
/home/matrillo/apps/scopemux/core/src/parser/project_context/dependency_management.c:398:82: note: in expansion of macro ‘SAFE_STR’
  398 |       log_error("Failed to get parser context for source file after adding: %s", SAFE_STR(normalized_source));
      |                                                                                  ^~~~~~~~
/home/matrillo/apps/scopemux/core/include/../src/parser/../../include/scopemux/logging.h:8:26: warning: the address of ‘normalized_target’ will always evaluate as ‘true’ [-Waddress]
    8 | #define SAFE_STR(x) ((x) ? (x) : "(null)")
      |                          ^
/home/matrillo/apps/scopemux/core/src/parser/project_context/dependency_management.c:404:68: note: in expansion of macro ‘SAFE_STR’
  404 |     log_debug("Target file not in project, attempting to add: %s", SAFE_STR(normalized_target));
      |                                                                    ^~~~~~~~
/home/matrillo/apps/scopemux/core/include/../src/parser/../../include/scopemux/logging.h:8:26: warning: the address of ‘normalized_target’ will always evaluate as ‘true’ [-Waddress]
    8 | #define SAFE_STR(x) ((x) ? (x) : "(null)")
      |                          ^
/home/matrillo/apps/scopemux/core/src/parser/project_context/dependency_management.c:428:66: note: in expansion of macro ‘SAFE_STR’
  428 |       log_error("Cannot determine language for target file: %s", SAFE_STR(normalized_target));
      |                                                                  ^~~~~~~~
/home/matrillo/apps/scopemux/core/include/../src/parser/../../include/scopemux/logging.h:8:26: warning: the address of ‘normalized_target’ will always evaluate as ‘true’ [-Waddress]
    8 | #define SAFE_STR(x) ((x) ? (x) : "(null)")
      |                          ^
/home/matrillo/apps/scopemux/core/src/parser/project_context/dependency_management.c:435:61: note: in expansion of macro ‘SAFE_STR’
  435 |       log_error("Failed to add target file to project: %s", SAFE_STR(normalized_target));
      |                                                             ^~~~~~~~
/home/matrillo/apps/scopemux/core/include/../src/parser/../../include/scopemux/logging.h:8:26: warning: the address of ‘normalized_target’ will always evaluate as ‘true’ [-Waddress]
    8 | #define SAFE_STR(x) ((x) ? (x) : "(null)")
      |                          ^
/home/matrillo/apps/scopemux/core/src/parser/project_context/dependency_management.c:441:82: note: in expansion of macro ‘SAFE_STR’
  441 |       log_error("Failed to get parser context for target file after adding: %s", SAFE_STR(normalized_target));
      |                                                                                  ^~~~~~~~
/home/matrillo/apps/scopemux/core/include/../src/parser/../../include/scopemux/logging.h:8:26: warning: the address of ‘normalized_source’ will always evaluate as ‘true’ [-Waddress]
    8 | #define SAFE_STR(x) ((x) ? (x) : "(null)")
      |                          ^
/home/matrillo/apps/scopemux/core/src/parser/project_context/dependency_management.c:448:74: note: in expansion of macro ‘SAFE_STR’
  448 |     log_error("Failed to add dependency relationship between %s and %s", SAFE_STR(normalized_source),
      |                                                                          ^~~~~~~~
/home/matrillo/apps/scopemux/core/include/../src/parser/../../include/scopemux/logging.h:8:26: warning: the address of ‘normalized_target’ will always evaluate as ‘true’ [-Waddress]
    8 | #define SAFE_STR(x) ((x) ? (x) : "(null)")
      |                          ^
/home/matrillo/apps/scopemux/core/src/parser/project_context/dependency_management.c:449:15: note: in expansion of macro ‘SAFE_STR’
  449 |               SAFE_STR(normalized_target));
      |               ^~~~~~~~
/home/matrillo/apps/scopemux/core/include/../src/parser/../../include/scopemux/logging.h:8:26: warning: the address of ‘normalized_source’ will always evaluate as ‘true’ [-Waddress]
    8 | #define SAFE_STR(x) ((x) ? (x) : "(null)")
      |                          ^
/home/matrillo/apps/scopemux/core/src/parser/project_context/dependency_management.c:453:43: note: in expansion of macro ‘SAFE_STR’
  453 |   log_debug("Added dependency: %s -> %s", SAFE_STR(normalized_source), SAFE_STR(normalized_target));
      |                                           ^~~~~~~~
/home/matrillo/apps/scopemux/core/include/../src/parser/../../include/scopemux/logging.h:8:26: warning: the address of ‘normalized_target’ will always evaluate as ‘true’ [-Waddress]
    8 | #define SAFE_STR(x) ((x) ? (x) : "(null)")
      |                          ^
/home/matrillo/apps/scopemux/core/src/parser/project_context/dependency_management.c:453:72: note: in expansion of macro ‘SAFE_STR’
  453 |   log_debug("Added dependency: %s -> %s", SAFE_STR(normalized_source), SAFE_STR(normalized_target));
      |                                                                        ^~~~~~~~
/home/matrillo/apps/scopemux/core/src/parser/project_context/dependency_management.c: At top level:
/home/matrillo/apps/scopemux/core/src/parser/project_context/dependency_management.c:469:8: warning: no previous prototype for ‘project_get_dependencies_impl’ [-Wmissing-prototypes]
  469 | size_t project_get_dependencies_impl(const ProjectContext *project, const char *filepath,
      |        ^~~~~~~~~~~~~~~~~~~~~~~~~~~~~
In file included from /home/matrillo/apps/scopemux/core/include/../src/parser/../../include/scopemux/parser.h:25,
                 from /home/matrillo/apps/scopemux/core/include/../src/parser/ast_node.h:12,
                 from /home/matrillo/apps/scopemux/core/include/../src/parser/parser_context.h:13,
                 from /home/matrillo/apps/scopemux/core/include/scopemux/project_context.h:22,
                 from /home/matrillo/apps/scopemux/core/include/../src/parser/project_context/file_management.h:12,
                 from /home/matrillo/apps/scopemux/core/src/parser/project_context/dependency_management.c:9:
/home/matrillo/apps/scopemux/core/src/parser/project_context/dependency_management.c: In function ‘project_get_dependencies_impl’:
/home/matrillo/apps/scopemux/core/include/../src/parser/../../include/scopemux/logging.h:8:26: warning: the address of ‘normalized_path’ will always evaluate as ‘true’ [-Waddress]
    8 | #define SAFE_STR(x) ((x) ? (x) : "(null)")
      |                          ^
/home/matrillo/apps/scopemux/core/src/parser/project_context/dependency_management.c:513:67: note: in expansion of macro ‘SAFE_STR’
  513 |     log_error("Failed to allocate memory for dependencies of %s", SAFE_STR(normalized_path));
      |                                                                   ^~~~~~~~
In file included from /home/matrillo/apps/scopemux/core/src/parser/project_context/dependency_management.c:15:
/home/matrillo/apps/scopemux/core/src/parser/project_context/dependency_management.c: At top level:
/home/matrillo/apps/scopemux/core/include/scopemux/symbol_registration.h:39:13: warning: ‘extract_symbols_from_ast’ declared ‘static’ but never defined [-Wunused-function]
   39 | static void extract_symbols_from_ast(ASTNode *node, void *symbols);
      |             ^~~~~~~~~~~~~~~~~~~~~~~~
[ 12%] Building C object core/CMakeFiles/parser_core_obj.dir/src/parser/project_context.c.o
/home/matrillo/apps/scopemux/core/src/parser/project_context.c:40:6: warning: no previous prototype for ‘project_remove_file’ [-Wmissing-prototypes]
   40 | bool project_remove_file(ProjectContext *project, const char *filepath) {
      |      ^~~~~~~~~~~~~~~~~~~
/home/matrillo/apps/scopemux/core/src/parser/project_context.c:67:6: warning: no previous prototype for ‘project_add_dependency’ [-Wmissing-prototypes]
   67 | bool project_add_dependency(ProjectContext *project, const char *source_file,
      |      ^~~~~~~~~~~~~~~~~~~~~~
/home/matrillo/apps/scopemux/core/src/parser/project_context.c:97:8: warning: no previous prototype for ‘project_get_dependencies’ [-Wmissing-prototypes]
   97 | size_t project_get_dependencies(const ProjectContext *project, const char *filepath,
      |        ^~~~~~~~~~~~~~~~~~~~~~~~
/home/matrillo/apps/scopemux/core/src/parser/project_context.c:127:6: warning: no previous prototype for ‘project_extract_symbols’ [-Wmissing-prototypes]
  127 | bool project_extract_symbols(ProjectContext *project, ParserContext *parser,
      |      ^~~~~~~~~~~~~~~~~~~~~~~
/home/matrillo/apps/scopemux/core/src/parser/project_context.c:263:8: warning: no previous prototype for ‘project_context_add_directory’ [-Wmissing-prototypes]
  263 | size_t project_context_add_directory(ProjectContext *project, const char *dirpath,
      |        ^~~~~~~~~~~~~~~~~~~~~~~~~~~~~
/home/matrillo/apps/scopemux/core/src/parser/project_context.c:288:6: warning: no previous prototype for ‘project_context_parse_all_files’ [-Wmissing-prototypes]
  288 | bool project_context_parse_all_files(ProjectContext *project) {
      |      ^~~~~~~~~~~~~~~~~~~~~~~~~~~~~~~
/home/matrillo/apps/scopemux/core/src/parser/project_context.c:312:6: warning: no previous prototype for ‘project_context_resolve_references’ [-Wmissing-prototypes]
  312 | bool project_context_resolve_references(ProjectContext *project) {
      |      ^~~~~~~~~~~~~~~~~~~~~~~~~~~~~~~~~~
/home/matrillo/apps/scopemux/core/src/parser/project_context.c:328:16: warning: no previous prototype for ‘project_context_get_file_context’ [-Wmissing-prototypes]
  328 | ParserContext *project_context_get_file_context(const ProjectContext *project,
      |                ^~~~~~~~~~~~~~~~~~~~~~~~~~~~~~~~
/home/matrillo/apps/scopemux/core/src/parser/project_context.c:345:16: warning: no previous prototype for ‘project_context_get_symbol’ [-Wmissing-prototypes]
  345 | const ASTNode *project_context_get_symbol(const ProjectContext *project,
      |                ^~~~~~~~~~~~~~~~~~~~~~~~~~
/home/matrillo/apps/scopemux/core/src/parser/project_context.c:363:8: warning: no previous prototype for ‘project_context_get_symbols_by_type’ [-Wmissing-prototypes]
  363 | size_t project_context_get_symbols_by_type(const ProjectContext *project, ASTNodeType type,
      |        ^~~~~~~~~~~~~~~~~~~~~~~~~~~~~~~~~~~
/home/matrillo/apps/scopemux/core/src/parser/project_context.c:381:8: warning: no previous prototype for ‘project_context_find_references’ [-Wmissing-prototypes]
  381 | size_t project_context_find_references(const ProjectContext *project, const ASTNode *node,
      |        ^~~~~~~~~~~~~~~~~~~~~~~~~~~~~~~
In file included from /home/matrillo/apps/scopemux/core/src/parser/project_context.c:23:
/home/matrillo/apps/scopemux/core/include/scopemux/symbol_registration.h:39:13: warning: ‘extract_symbols_from_ast’ declared ‘static’ but never defined [-Wunused-function]
   39 | static void extract_symbols_from_ast(ASTNode *node, void *symbols);
      |             ^~~~~~~~~~~~~~~~~~~~~~~~
[ 13%] Building C object core/CMakeFiles/parser_core_obj.dir/src/parser/ts_init.c.o
/home/matrillo/apps/scopemux/core/src/parser/ts_init.c:45:7: warning: no previous prototype for ‘build_queries_dir_impl’ [-Wmissing-prototypes]
   45 | char *build_queries_dir_impl(Language language) {
      |       ^~~~~~~~~~~~~~~~~~~~~~
/home/matrillo/apps/scopemux/core/src/parser/ts_init.c:108:6: warning: no previous prototype for ‘ts_init_parser_impl’ [-Wmissing-prototypes]
  108 | bool ts_init_parser_impl(ParserContext *ctx, Language language) {
      |      ^~~~~~~~~~~~~~~~~~~
/home/matrillo/apps/scopemux/core/src/parser/ts_init.c: In function ‘ts_init_parser_impl’:
/home/matrillo/apps/scopemux/core/src/parser/ts_init.c:143:17: warning: ISO C forbids conversion of function pointer to object pointer type [-Wpedantic]
  143 |   void *c_sym = (void *)&tree_sitter_c;
      |                 ^
/home/matrillo/apps/scopemux/core/src/parser/ts_init.c:144:19: warning: ISO C forbids conversion of function pointer to object pointer type [-Wpedantic]
  144 |   void *cpp_sym = (void *)&tree_sitter_cpp;
      |                   ^
/home/matrillo/apps/scopemux/core/src/parser/ts_init.c:145:22: warning: ISO C forbids conversion of function pointer to object pointer type [-Wpedantic]
  145 |   void *python_sym = (void *)&tree_sitter_python;
      |                      ^
/home/matrillo/apps/scopemux/core/src/parser/ts_init.c:146:18: warning: ISO C forbids conversion of function pointer to object pointer type [-Wpedantic]
  146 |   void *js_sym = (void *)&tree_sitter_javascript;
      |                  ^
/home/matrillo/apps/scopemux/core/src/parser/ts_init.c:147:18: warning: ISO C forbids conversion of function pointer to object pointer type [-Wpedantic]
  147 |   void *ts_sym = (void *)&tree_sitter_typescript;
      |                  ^
/home/matrillo/apps/scopemux/core/src/parser/ts_init.c:187:13: warning: ISO C forbids conversion of function pointer to object pointer type [-Wpedantic]
  187 |             (void *)adapter->get_ts_language);
      |             ^
In file included from /home/matrillo/apps/scopemux/core/src/parser/../../include/scopemux/adapters/../parser.h:25,
                 from /home/matrillo/apps/scopemux/core/src/parser/../../include/scopemux/adapters/language_adapter.h:4,
                 from /home/matrillo/apps/scopemux/core/src/parser/../../include/scopemux/adapters/adapter_registry.h:4,
                 from /home/matrillo/apps/scopemux/core/src/parser/ts_init.c:13:
/home/matrillo/apps/scopemux/core/src/parser/../../include/scopemux/adapters/../logging.h:8:26: warning: the address of ‘docstrings_path’ will always evaluate as ‘true’ [-Waddress]
    8 | #define SAFE_STR(x) ((x) ? (x) : "(null)")
      |                          ^
/home/matrillo/apps/scopemux/core/src/parser/ts_init.c:285:61: note: in expansion of macro ‘SAFE_STR’
  285 |       log_error("WARNING: docstrings.scm not found at: %s", SAFE_STR(docstrings_path));
      |                                                             ^~~~~~~~
/home/matrillo/apps/scopemux/core/src/parser/../../include/scopemux/adapters/../logging.h:8:26: warning: the address of ‘docstrings_path’ will always evaluate as ‘true’ [-Waddress]
    8 | #define SAFE_STR(x) ((x) ? (x) : "(null)")
      |                          ^
/home/matrillo/apps/scopemux/core/src/parser/ts_init.c:287:48: note: in expansion of macro ‘SAFE_STR’
  287 |       log_error("Found docstrings.scm at: %s", SAFE_STR(docstrings_path));
      |                                                ^~~~~~~~
[ 13%] Building C object core/CMakeFiles/parser_core_obj.dir/src/parser/ts_ast_builder.c.o
/home/matrillo/apps/scopemux/core/src/parser/ts_ast_builder.c:457:10: warning: no previous prototype for ‘ts_tree_to_ast_impl’ [-Wmissing-prototypes]
  457 | ASTNode *ts_tree_to_ast_impl(TSNode root_node, ParserContext *ctx) {
      |          ^~~~~~~~~~~~~~~~~~~
/home/matrillo/apps/scopemux/core/src/parser/ts_ast_builder.c:38:13: warning: ‘check_function_names’ defined but not used [-Wunused-function]
   38 | static void check_function_names(ASTNode *node) {
      |             ^~~~~~~~~~~~~~~~~~~~
[ 14%] Building C object core/CMakeFiles/parser_core_obj.dir/src/parser/ts_cst_builder.c.o
/home/matrillo/apps/scopemux/core/src/parser/ts_cst_builder.c: In function ‘create_cst_from_ts_node’:
/home/matrillo/apps/scopemux/core/src/parser/ts_cst_builder.c:169:23: warning: comparison of unsigned expression in ‘< 0’ is always false [-Wtype-limits]
  169 |   if (start_point.row < 0 || end_point.row < 0 || start_point.column < 0 || end_point.column < 0) {
      |                       ^
/home/matrillo/apps/scopemux/core/src/parser/ts_cst_builder.c:169:44: warning: comparison of unsigned expression in ‘< 0’ is always false [-Wtype-limits]
  169 |   if (start_point.row < 0 || end_point.row < 0 || start_point.column < 0 || end_point.column < 0) {
      |                                            ^
/home/matrillo/apps/scopemux/core/src/parser/ts_cst_builder.c:169:70: warning: comparison of unsigned expression in ‘< 0’ is always false [-Wtype-limits]
  169 |   if (start_point.row < 0 || end_point.row < 0 || start_point.column < 0 || end_point.column < 0) {
      |                                                                      ^
/home/matrillo/apps/scopemux/core/src/parser/ts_cst_builder.c:169:94: warning: comparison of unsigned expression in ‘< 0’ is always false [-Wtype-limits]
  169 |   if (start_point.row < 0 || end_point.row < 0 || start_point.column < 0 || end_point.column < 0) {
      |                                                                                              ^
/home/matrillo/apps/scopemux/core/src/parser/ts_cst_builder.c: At top level:
/home/matrillo/apps/scopemux/core/src/parser/ts_cst_builder.c:226:10: warning: no previous prototype for ‘ts_tree_to_cst_impl’ [-Wmissing-prototypes]
  226 | CSTNode *ts_tree_to_cst_impl(TSNode root_node, ParserContext *ctx) {
      |          ^~~~~~~~~~~~~~~~~~~
[ 16%] Building C object core/CMakeFiles/parser_core_obj.dir/src/parser/ts_query_processor.c.o
/home/matrillo/apps/scopemux/core/src/parser/ts_query_processor.c:353:6: warning: no previous prototype for ‘process_query’ [-Wmissing-prototypes]
  353 | void process_query(const char *query_type, TSNode root_node, ParserContext *ctx, ASTNode *ast_root,
      |      ^~~~~~~~~~~~~
/home/matrillo/apps/scopemux/core/src/parser/ts_query_processor.c:640:6: warning: no previous prototype for ‘process_all_ast_queries’ [-Wmissing-prototypes]
  640 | bool process_all_ast_queries(TSNode root_node, ParserContext *ctx, ASTNode *ast_root) {
      |      ^~~~~~~~~~~~~~~~~~~~~~~
/home/matrillo/apps/scopemux/core/src/parser/ts_query_processor.c:195:12: warning: ‘create_node_from_match’ defined but not used [-Wunused-function]
  195 | static int create_node_from_match(uint32_t node_type, const char *name, TSNode ts_node,
      |            ^~~~~~~~~~~~~~~~~~~~~~
/home/matrillo/apps/scopemux/core/src/parser/ts_query_processor.c:138:20: warning: ‘determine_capture_name’ defined but not used [-Wunused-function]
  138 | static const char *determine_capture_name(const char *node_type, const char *query_type) {
      |                    ^~~~~~~~~~~~~~~~~~~~~~
[ 16%] Building C object core/CMakeFiles/parser_core_obj.dir/src/parser/tree_sitter_integration.c.o
[ 17%] Building C object core/CMakeFiles/parser_core_obj.dir/src/parser/query_manager.c.o
In file included from /home/matrillo/apps/scopemux/core/include/../../core/include/scopemux/parser.h:25,
                 from /home/matrillo/apps/scopemux/core/src/parser/query_manager.c:44:
/home/matrillo/apps/scopemux/core/src/parser/query_manager.c: In function ‘compile_query’:
/home/matrillo/apps/scopemux/core/include/../../core/include/scopemux/logging.h:8:26: warning: the address of ‘preview’ will always evaluate as ‘true’ [-Waddress]
    8 | #define SAFE_STR(x) ((x) ? (x) : "(null)")
      |                          ^
/home/matrillo/apps/scopemux/core/src/parser/query_manager.c:414:38: note: in expansion of macro ‘SAFE_STR’
  414 |   log_debug("Query preview: '%s%s'", SAFE_STR(preview), query_len > 40 ? "..." : "");
      |                                      ^~~~~~~~
[ 18%] Building C object core/CMakeFiles/parser_core_obj.dir/src/parser/reference_resolvers/language_resolvers.c.o
/home/matrillo/apps/scopemux/core/src/parser/reference_resolvers/language_resolvers.c:863:25: warning: ‘resolve_javascript_property’ defined but not used [-Wunused-function]
  863 | static ResolutionStatus resolve_javascript_property(ASTNode *node, const char *name,
      |                         ^~~~~~~~~~~~~~~~~~~~~~~~~~~
/home/matrillo/apps/scopemux/core/src/parser/reference_resolvers/language_resolvers.c:782:25: warning: ‘resolve_javascript_import’ defined but not used [-Wunused-function]
  782 | static ResolutionStatus resolve_javascript_import(ASTNode *node, const char *name,
      |                         ^~~~~~~~~~~~~~~~~~~~~~~~~
/home/matrillo/apps/scopemux/core/src/parser/reference_resolvers/language_resolvers.c:721:25: warning: ‘resolve_javascript_class’ defined but not used [-Wunused-function]
  721 | static ResolutionStatus resolve_javascript_class(ASTNode *node, const char *name,
      |                         ^~~~~~~~~~~~~~~~~~~~~~~~
/home/matrillo/apps/scopemux/core/src/parser/reference_resolvers/language_resolvers.c:680:25: warning: ‘resolve_javascript_variable’ defined but not used [-Wunused-function]
  680 | static ResolutionStatus resolve_javascript_variable(ASTNode *node, const char *name,
      |                         ^~~~~~~~~~~~~~~~~~~~~~~~~~~
/home/matrillo/apps/scopemux/core/src/parser/reference_resolvers/language_resolvers.c:593:25: warning: ‘resolve_javascript_function’ defined but not used [-Wunused-function]
  593 | static ResolutionStatus resolve_javascript_function(ASTNode *node, const char *name,
      |                         ^~~~~~~~~~~~~~~~~~~~~~~~~~~
/home/matrillo/apps/scopemux/core/src/parser/reference_resolvers/language_resolvers.c:507:25: warning: ‘resolve_typescript_type’ defined but not used [-Wunused-function]
  507 | static ResolutionStatus resolve_typescript_type(ASTNode *node, const char *name,
      |                         ^~~~~~~~~~~~~~~~~~~~~~~
/home/matrillo/apps/scopemux/core/src/parser/reference_resolvers/language_resolvers.c:465:25: warning: ‘resolve_typescript_generic’ defined but not used [-Wunused-function]
  465 | static ResolutionStatus resolve_typescript_generic(ASTNode *node, const char *name,
      |                         ^~~~~~~~~~~~~~~~~~~~~~~~~~
/home/matrillo/apps/scopemux/core/src/parser/reference_resolvers/language_resolvers.c:402:25: warning: ‘resolve_typescript_interface’ defined but not used [-Wunused-function]
  402 | static ResolutionStatus resolve_typescript_interface(ASTNode *node, const char *name,
      |                         ^~~~~~~~~~~~~~~~~~~~~~~~~~~~
/home/matrillo/apps/scopemux/core/src/parser/reference_resolvers/language_resolvers.c:353:25: warning: ‘resolve_python_import’ defined but not used [-Wunused-function]
  353 | static ResolutionStatus resolve_python_import(ASTNode *node, const char *name,
      |                         ^~~~~~~~~~~~~~~~~~~~~
/home/matrillo/apps/scopemux/core/src/parser/reference_resolvers/language_resolvers.c:292:25: warning: ‘resolve_python_class’ defined but not used [-Wunused-function]
  292 | static ResolutionStatus resolve_python_class(ASTNode *node, const char *name,
      |                         ^~~~~~~~~~~~~~~~~~~~
/home/matrillo/apps/scopemux/core/src/parser/reference_resolvers/language_resolvers.c:251:25: warning: ‘resolve_python_variable’ defined but not used [-Wunused-function]
  251 | static ResolutionStatus resolve_python_variable(ASTNode *node, const char *name,
      |                         ^~~~~~~~~~~~~~~~~~~~~~~
/home/matrillo/apps/scopemux/core/src/parser/reference_resolvers/language_resolvers.c:184:25: warning: ‘resolve_python_function’ defined but not used [-Wunused-function]
  184 | static ResolutionStatus resolve_python_function(ASTNode *node, const char *name,
      |                         ^~~~~~~~~~~~~~~~~~~~~~~
/home/matrillo/apps/scopemux/core/src/parser/reference_resolvers/language_resolvers.c:143:25: warning: ‘resolve_c_type’ defined but not used [-Wunused-function]
  143 | static ResolutionStatus resolve_c_type(ASTNode *node, const char *name,
      |                         ^~~~~~~~~~~~~~
/home/matrillo/apps/scopemux/core/src/parser/reference_resolvers/language_resolvers.c:102:25: warning: ‘resolve_c_variable’ defined but not used [-Wunused-function]
  102 | static ResolutionStatus resolve_c_variable(ASTNode *node, const char *name,
      |                         ^~~~~~~~~~~~~~~~~~
/home/matrillo/apps/scopemux/core/src/parser/reference_resolvers/language_resolvers.c:71:25: warning: ‘resolve_c_function’ defined but not used [-Wunused-function]
   71 | static ResolutionStatus resolve_c_function(ASTNode *node, const char *name,
      |                         ^~~~~~~~~~~~~~~~~~
[ 18%] Building C object core/CMakeFiles/parser_core_obj.dir/src/parser/reference_resolvers/resolver_registration.c.o
[ 20%] Building C object core/CMakeFiles/parser_core_obj.dir/src/parser/reference_resolvers/resolver_implementation.c.o
/home/matrillo/apps/scopemux/core/src/parser/reference_resolvers/resolver_implementation.c:72:6: warning: no previous prototype for ‘reference_resolver_register_impl’ [-Wmissing-prototypes]
   72 | bool reference_resolver_register_impl(ReferenceResolver *resolver, Language language,
      |      ^~~~~~~~~~~~~~~~~~~~~~~~~~~~~~~~
/home/matrillo/apps/scopemux/core/src/parser/reference_resolvers/resolver_implementation.c: In function ‘reference_resolver_resolve_node_impl’:
/home/matrillo/apps/scopemux/core/src/parser/reference_resolvers/resolver_implementation.c:161:64: warning: unused parameter ‘language’ [-Wunused-parameter]
  161 |                                                       Language language) {
      |                                                       ~~~~~~~~~^~~~~~~~
/home/matrillo/apps/scopemux/core/src/parser/reference_resolvers/resolver_implementation.c: In function ‘reference_resolver_generic_resolve_impl’:
/home/matrillo/apps/scopemux/core/src/parser/reference_resolvers/resolver_implementation.c:277:87: warning: unused parameter ‘ref_type’ [-Wunused-parameter]
  277 | ResolutionStatus reference_resolver_generic_resolve_impl(ASTNode *node, ReferenceType ref_type,
      |                                                                         ~~~~~~~~~~~~~~^~~~~~~~
[ 20%] Building C object core/CMakeFiles/parser_core_obj.dir/src/parser/reference_resolvers/resolver_core.c.o
[ 21%] Building C object core/CMakeFiles/parser_core_obj.dir/src/parser/reference_resolvers/reference_resolver_facade.c.o
/home/matrillo/apps/scopemux/core/src/parser/reference_resolvers/reference_resolver_facade.c:28:20: warning: no previous prototype for ‘reference_resolver_create_and_init’ [-Wmissing-prototypes]
   28 | ReferenceResolver *reference_resolver_create_and_init(GlobalSymbolTable *symbol_table) {
      |                    ^~~~~~~~~~~~~~~~~~~~~~~~~~~~~~~~~~
/home/matrillo/apps/scopemux/core/src/parser/reference_resolvers/reference_resolver_facade.c:71:18: warning: no previous prototype for ‘reference_resolver_resolve’ [-Wmissing-prototypes]
   71 | ResolutionStatus reference_resolver_resolve(ReferenceResolver *resolver, ASTNode *node,
      |                  ^~~~~~~~~~~~~~~~~~~~~~~~~~
/home/matrillo/apps/scopemux/core/src/parser/reference_resolvers/reference_resolver_facade.c:129:6: warning: no previous prototype for ‘reference_resolver_get_stats’ [-Wmissing-prototypes]
  129 | void reference_resolver_get_stats(const ReferenceResolver *resolver, size_t *out_total_references,
      |      ^~~~~~~~~~~~~~~~~~~~~~~~~~~~
/home/matrillo/apps/scopemux/core/src/parser/reference_resolvers/reference_resolver_facade.c:188:19: warning: no previous prototype for ‘find_language_resolver’ [-Wmissing-prototypes]
  188 | LanguageResolver *find_language_resolver(ReferenceResolver *resolver, Language language) {
      |                   ^~~~~~~~~~~~~~~~~~~~~~
[ 22%] Building C object core/CMakeFiles/parser_core_obj.dir/src/parser/reference_resolvers/reference_resolver_core.c.o
/home/matrillo/apps/scopemux/core/src/parser/reference_resolvers/reference_resolver_core.c:86:1: warning: "/*" within comment [-Wcomment]
   86 | /**
      |  
/home/matrillo/apps/scopemux/core/src/parser/reference_resolvers/reference_resolver_core.c:93:6: warning: function declaration isn’t a prototype [-Wstrict-prototypes]
   93 | bool reference_resolver_init() {
      |      ^~~~~~~~~~~~~~~~~~~~~~~
/home/matrillo/apps/scopemux/core/src/parser/reference_resolvers/reference_resolver_core.c:119:6: warning: function declaration isn’t a prototype [-Wstrict-prototypes]
  119 | void reference_resolver_cleanup() {
      |      ^~~~~~~~~~~~~~~~~~~~~~~~~~
[ 22%] Building C object core/CMakeFiles/parser_core_obj.dir/src/parser/reference_resolvers/c_resolver.c.o
/home/matrillo/apps/scopemux/core/src/parser/reference_resolvers/c_resolver.c:25:6: warning: no previous prototype for ‘reference_resolver_c_get_stats’ [-Wmissing-prototypes]
   25 | void reference_resolver_c_get_stats(size_t *total, size_t *resolved, size_t *macro_resolved,
      |      ^~~~~~~~~~~~~~~~~~~~~~~~~~~~~~
/home/matrillo/apps/scopemux/core/src/parser/reference_resolvers/c_resolver.c:34:6: warning: function declaration isn’t a prototype [-Wstrict-prototypes]
   34 | void reference_resolver_c_reset_stats() { reference_resolver_c_cpp_reset_stats(); }
      |      ^~~~~~~~~~~~~~~~~~~~~~~~~~~~~~~~
[ 24%] Building C object core/CMakeFiles/parser_core_obj.dir/src/parser/reference_resolvers/cpp_resolver.c.o
/home/matrillo/apps/scopemux/core/src/parser/reference_resolvers/cpp_resolver.c:22:6: warning: no previous prototype for ‘cpp_resolver_get_stats’ [-Wmissing-prototypes]
   22 | void cpp_resolver_get_stats(size_t *total, size_t *resolved, size_t *namespace_resolved,
      |      ^~~~~~~~~~~~~~~~~~~~~~
/home/matrillo/apps/scopemux/core/src/parser/reference_resolvers/cpp_resolver.c: In function ‘cpp_resolver_get_stats’:
/home/matrillo/apps/scopemux/core/src/parser/reference_resolvers/cpp_resolver.c:23:64: warning: unused parameter ‘method_resolved’ [-Wunused-parameter]
   23 |                             size_t *template_resolved, size_t *method_resolved,
      |                                                        ~~~~~~~~^~~~~~~~~~~~~~~
/home/matrillo/apps/scopemux/core/src/parser/reference_resolvers/cpp_resolver.c: At top level:
/home/matrillo/apps/scopemux/core/src/parser/reference_resolvers/cpp_resolver.c:32:6: warning: function declaration isn’t a prototype [-Wstrict-prototypes]
   32 | void cpp_resolver_reset_stats() { reference_resolver_c_cpp_reset_stats(); }
      |      ^~~~~~~~~~~~~~~~~~~~~~~~
[ 25%] Building C object core/CMakeFiles/parser_core_obj.dir/src/parser/reference_resolvers/typescript_resolver.c.o
/home/matrillo/apps/scopemux/core/src/parser/reference_resolvers/typescript_resolver.c:23:6: warning: no previous prototype for ‘typescript_resolver_get_stats’ [-Wmissing-prototypes]
   23 | void typescript_resolver_get_stats(size_t *total, size_t *resolved, size_t *import_resolved,
      |      ^~~~~~~~~~~~~~~~~~~~~~~~~~~~~
/home/matrillo/apps/scopemux/core/src/parser/reference_resolvers/typescript_resolver.c:33:6: warning: function declaration isn’t a prototype [-Wstrict-prototypes]
   33 | void typescript_resolver_reset_stats() { reference_resolver_js_ts_reset_stats(); }
      |      ^~~~~~~~~~~~~~~~~~~~~~~~~~~~~~~
[ 25%] Building C object core/CMakeFiles/parser_core_obj.dir/src/parser/reference_resolvers/python_resolver.c.o
/home/matrillo/apps/scopemux/core/src/parser/reference_resolvers/python_resolver.c:7:10: fatal error: reference_resolver_stubs.h: No such file or directory
    7 | #include "reference_resolver_stubs.h"
      |          ^~~~~~~~~~~~~~~~~~~~~~~~~~~~
compilation terminated.
make[3]: *** [core/CMakeFiles/parser_core_obj.dir/build.make:485: core/CMakeFiles/parser_core_obj.dir/src/parser/reference_resolvers/python_resolver.c.o] Error 1
make[3]: Leaving directory '/home/matrillo/apps/scopemux/build-c'
make[2]: *** [CMakeFiles/Makefile2:470: core/CMakeFiles/parser_core_obj.dir/all] Error 2
make[2]: Leaving directory '/home/matrillo/apps/scopemux/build-c'
make[1]: *** [CMakeFiles/Makefile2:977: core/tests/CMakeFiles/c_basic_ast_tests.dir/rule] Error 2
make[1]: Leaving directory '/home/matrillo/apps/scopemux/build-c'
make: *** [Makefile:416: c_basic_ast_tests] Error 2
make: Leaving directory '/home/matrillo/apps/scopemux/build-c'
[run_c_tests.sh] ERROR: Failed to build c_basic_ast_tests. Exiting.
[test_runner_lib] Cleaning up temporary files...
[test_runner_lib] Done.
